2014-08-15 11:08:42 *******************************************************
2014-08-15 11:08:42 trafficrep v1.0, last modified Fri 15 Aug 2014 11:07:35
2014-08-15 11:08:42 *******************************************************
2014-08-15 11:08:42 using config file ./trafficrep.xml
2014-08-15 11:08:42 Couldn't open device eth0 because of: eth0: You don't have permission to capture on that device (socket: Operation not permitted)
2014-08-15 11:08:53 *******************************************************
2014-08-15 11:08:53 trafficrep v1.0, last modified Fri 15 Aug 2014 11:07:35
2014-08-15 11:08:53 *******************************************************
2014-08-15 11:08:53 using config file ./trafficrep.xml
2014-08-15 11:08:53 listening on port 7777
2014-08-15 11:09:57 *******************************************************
2014-08-15 11:09:57 trafficrep v1.0, last modified Fri 15 Aug 2014 11:07:35
2014-08-15 11:09:57 *******************************************************
2014-08-15 11:09:57 using config file ./trafficrep.xml
2014-08-15 11:09:57 listening on port 7777
2014-08-15 11:12:03 exiting
2014-08-15 11:12:09 *******************************************************
2014-08-15 11:12:09 trafficrep v1.0, last modified Fri 15 Aug 2014 11:12:00
2014-08-15 11:12:09 *******************************************************
2014-08-15 11:12:09 using config file ./trafficrep.xml
2014-08-15 11:12:09 listening on port 7777
2014-08-15 11:12:45 exiting
2014-08-15 11:12:46 *******************************************************
2014-08-15 11:12:46 trafficrep v1.0, last modified Fri 15 Aug 2014 11:12:00
2014-08-15 11:12:46 *******************************************************
2014-08-15 11:12:46 using config file ./trafficrep.xml
2014-08-15 11:12:46 listening on port 7777
2014-08-15 11:13:44 exiting
2014-08-15 11:13:48 *******************************************************
2014-08-15 11:13:48 trafficrep v1.0, last modified Fri 15 Aug 2014 11:12:00
2014-08-15 11:13:48 *******************************************************
2014-08-15 11:13:48 using config file ./trafficrep.xml
2014-08-15 11:13:48 listening on port 7777
2014-08-15 11:55:15 exiting
2014-08-15 12:07:58 *******************************************************
2014-08-15 12:07:58 trafficrep v1.0, last modified Fri 15 Aug 2014 12:07:43
2014-08-15 12:07:58 *******************************************************
2014-08-15 12:07:58 using config file ./trafficrep.xml
2014-08-15 12:07:58 Couldn't get netmask for device localhost because of: SIOCGIFADDR: localhost: No such device
2014-08-15 12:07:58 Couldn't open device localhost because of: localhost: No such device exists (SIOCGIFHWADDR: No such device)
2014-08-15 12:09:07 *******************************************************
2014-08-15 12:09:07 trafficrep v1.0, last modified Fri 15 Aug 2014 12:07:43
2014-08-15 12:09:07 *******************************************************
2014-08-15 12:09:07 using config file ./trafficrep.xml
2014-08-15 12:09:07 listening on port 7777
2014-08-15 12:09:48 exiting
2014-08-15 12:12:20 *******************************************************
2014-08-15 12:12:20 trafficrep v1.0, last modified Fri 15 Aug 2014 12:12:16
2014-08-15 12:12:20 *******************************************************
2014-08-15 12:12:20 using config file ./trafficrep.xml
2014-08-15 12:12:20 listening on port 7777
2014-08-15 12:12:43 exiting
2014-08-15 12:15:11 *******************************************************
2014-08-15 12:15:11 trafficrep v1.0, last modified Fri 15 Aug 2014 12:15:03
2014-08-15 12:15:11 *******************************************************
2014-08-15 12:15:11 using config file ./trafficrep.xml
2014-08-15 12:15:11 listening on port 7777
2014-08-15 12:15:23 exiting
2014-08-15 12:15:29 exiting
2014-08-15 12:15:46 *******************************************************
2014-08-15 12:15:46 trafficrep v1.0, last modified Fri 15 Aug 2014 12:15:03
2014-08-15 12:15:46 *******************************************************
2014-08-15 12:15:46 using config file ./trafficrep.xml
2014-08-15 12:15:46 listening on port 7777
2014-08-15 12:15:50 exiting
2014-08-15 12:16:15 exiting
2014-08-15 12:16:19 *******************************************************
2014-08-15 12:16:19 trafficrep v1.0, last modified Fri 15 Aug 2014 12:15:03
2014-08-15 12:16:19 *******************************************************
2014-08-15 12:16:19 using config file ./trafficrep.xml
2014-08-15 12:16:19 listening on port 7777
2014-08-15 12:16:24 exiting
2014-08-15 12:17:20 exiting
2014-08-15 12:17:27 *******************************************************
2014-08-15 12:17:27 trafficrep v1.0, last modified Fri 15 Aug 2014 12:15:03
2014-08-15 12:17:27 *******************************************************
2014-08-15 12:17:27 using config file ./trafficrep.xml
2014-08-15 12:17:27 listening on port 7777
2014-08-15 12:17:30 exiting
2014-08-15 12:17:31 exiting
2014-08-15 12:21:43 *******************************************************
2014-08-15 12:21:43 trafficrep v1.0, last modified Fri 15 Aug 2014 12:15:03
2014-08-15 12:21:43 *******************************************************
2014-08-15 12:21:43 using config file ./trafficrep.xml
2014-08-15 12:21:43 listening on port 7777
2014-08-15 12:22:36 exiting
2014-08-15 12:22:39 exiting
2014-08-15 12:22:48 *******************************************************
2014-08-15 12:22:48 trafficrep v1.0, last modified Fri 15 Aug 2014 12:15:03
2014-08-15 12:22:48 *******************************************************
2014-08-15 12:22:48 using config file ./trafficrep.xml
2014-08-15 12:22:48 listening on port 7777
2014-08-15 12:24:13 exiting
2014-08-15 12:24:17 exiting
2014-08-15 12:26:38 *******************************************************
2014-08-15 12:26:38 trafficrep v1.0, last modified Fri 15 Aug 2014 12:21:38
2014-08-15 12:26:38 *******************************************************
2014-08-15 12:26:38 using config file ./trafficrep.xml
2014-08-15 12:26:38 listening on port 7777
2014-08-15 12:26:48 exiting
2014-08-15 12:26:56 exiting
2014-08-15 12:36:00 *******************************************************
2014-08-15 12:36:00 trafficrep v1.0, last modified Fri 15 Aug 2014 12:28:43
2014-08-15 12:36:00 *******************************************************
2014-08-15 12:36:00 using config file ./trafficrep.xml
2014-08-15 12:36:00 listening on port 7777
2014-08-15 12:36:09 exiting
2014-08-15 12:37:01 exiting
2014-08-16 06:16:09 *******************************************************
2014-08-16 06:16:09 trafficrep v1.0, last modified Sat 16 Aug 2014 06:15:01
2014-08-16 06:16:09 *******************************************************
2014-08-16 06:16:09 using config file ./trafficrep.xml
2014-08-16 06:16:09 Couldn't get netmask for device etho because of: SIOCGIFADDR: etho: No such device
2014-08-16 06:16:09 Couldn't open device etho because of: etho: No such device exists (SIOCGIFHWADDR: No such device)
2014-08-16 06:16:23 *******************************************************
2014-08-16 06:16:23 trafficrep v1.0, last modified Sat 16 Aug 2014 06:15:01
2014-08-16 06:16:23 *******************************************************
2014-08-16 06:16:23 using config file ./trafficrep.xml
2014-08-16 06:16:23 listening on port 7777
2014-08-16 06:16:34 exiting
2014-08-16 06:17:06 *******************************************************
2014-08-16 06:17:06 trafficrep v1.0, last modified Sat 16 Aug 2014 06:15:01
2014-08-16 06:17:06 *******************************************************
2014-08-16 06:17:06 using config file ./trafficrep.xml
2014-08-16 06:17:06 listening on port 7777
2014-08-16 06:17:33 exiting
2014-08-16 06:20:11 *******************************************************
2014-08-16 06:20:11 trafficrep v1.0, last modified Sat 16 Aug 2014 06:15:01
2014-08-16 06:20:11 *******************************************************
2014-08-16 06:20:11 using config file ./trafficrep.xml
2014-08-16 06:20:11 listening on port 7777
2014-08-16 06:20:49 exiting
2014-08-16 06:22:11 *******************************************************
2014-08-16 06:22:11 trafficrep v1.0, last modified Sat 16 Aug 2014 06:21:19
2014-08-16 06:22:11 *******************************************************
2014-08-16 06:22:11 using config file ./trafficrep.xml
2014-08-16 06:22:11 listening on port 7777
2014-08-16 06:34:16 exiting
2014-08-16 06:37:41 *******************************************************
2014-08-16 06:37:41 trafficrep v1.0, last modified Sat 16 Aug 2014 06:37:24
2014-08-16 06:37:41 *******************************************************
2014-08-16 06:37:41 using config file ./trafficrep.xml
2014-08-16 06:37:41 listening on port 7777
2014-08-16 06:40:12 exiting
2014-08-16 06:40:22 *******************************************************
2014-08-16 06:40:22 trafficrep v1.0, last modified Sat 16 Aug 2014 06:40:05
2014-08-16 06:40:22 *******************************************************
2014-08-16 06:40:22 using config file ./trafficrep.xml
2014-08-16 06:40:22 listening on port 7777
2014-08-16 06:42:43 exiting
